
Amber8 Module: ptraj 

 ARG  MET  LYS  GLN  LEU  GLU  ASP  LYS  VAL  GLU 
 GLU  LEU  LEU  SER  LYS  GLU  TYR  HIE  LEU  GLU 
 ASN  GLU  VAL  ALA  ARG  LEU  LYS  LYS  LEU  VAL 
 GLY  ARG  MET  LYS  GLN  LEU  GLU  ASP  LYS  VAL 
 GLU  GLU  LEU  LEU  SER  LYS  GLU  TYR  HIE  LEU 
 GLU  ASN  GLU  VAL  ALA  ARG  LEU  LYS  LYS  LEU 
 VAL  GLY 
Successfully completed readParm.

PTRAJ: Processing input file...
       Input is from standard input

PTRAJ: trajin mdEE.mdcrd.gz 1 4000

PTRAJ: average mdEE-AvStruc.pdb pdb
Mask [*] represents 1078 atoms

PTRAJ: rms first out CA_mdEE.rmsd @CA
Mask [@CA] represents 62 atoms

PTRAJ: rms previous out CA_prev_mdEE.rmsd @CA
Mask [@CA] represents 62 atoms

PTRAJ: rms first out CACN_mdEE.rmsd @CA,C,N
Mask [@CA,C,N] represents 186 atoms

PTRAJ: distance hoge :1-31 :32-62 out distMonomer_mdEE.dat
Mask [:1-31] represents 539 atoms
Mask [:32-62] represents 539 atoms

PTRAJ: distance hogehoge :16@CA :47@CA out distcoreCA_mdEE.dat
Mask [:16@CA] represents 1 atoms
Mask [:47@CA] represents 1 atoms

PTRAJ: distance hogehogehoge :16 :47 out distcoreRESID_mdEE.dat
Mask [:16] represents 15 atoms
Mask [:47] represents 15 atoms
FYI: No output trajectory specified (trajout), none will be saved.

PTRAJ: Successfully read the input file.
       Coordinate processing will occur on 4000 frames.
       Summary of I/O and actions follows:

INPUT COORDINATE FILES
  File (mdEE.mdcrd.gz) is an AMBER trajectory with 4000 sets

OUTPUT COORDINATE FILE
  NULL entry

ACTIONS
  1>  AVERAGE: dumping the average of the coordinates to file mdEE-AvStruc.pdb
      start: 1  Stop [at final frame]  Offset: 1
      Atom selection   * (All atoms are selected)
      Output file information:  File (mdEE-AvStruc.pdb) is a PDB file
  7>  RMS to first frame using no mass weighting
      Dumping RMSd vs. time (with time interval 1.00) to a file named CA_mdEE.rmsd
      Atom selection follows :1-62@CA
  7>  RMS to previous frame using no mass weighting
      Dumping RMSd vs. time (with time interval 1.00) to a file named CA_prev_mdEE.rmsd
      Atom selection follows :1-62@CA
  7>  RMS to first frame using no mass weighting
      Dumping RMSd vs. time (with time interval 1.00) to a file named CACN_mdEE.rmsd
      Atom selection follows :1-62@N,CA,C
  7>  DISTANCE: between the atoms selections center of mass will be
      saved to array named hoge
      Atom selection 1 is :1-31
      Atom selection 2 is :32-62
      Data will be dumped to a file named distMonomer_mdEE.dat
  7>  DISTANCE: between the atoms selections center of mass will be
      saved to array named hogehoge
      Atom selection 1 is :16@CA  
      Atom selection 2 is :47@CA  
      Data will be dumped to a file named distcoreCA_mdEE.dat
  7>  DISTANCE: between the atoms selections center of mass will be
      saved to array named hogehogehoge
      Atom selection 1 is :16
      Atom selection 2 is :47
      Data will be dumped to a file named distcoreRESID_mdEE.dat


Processing AMBER trajectory file mdEE.mdcrd.gz

Set      1 .................................................
Set     50 .................................................
Set    100 .................................................
Set    150 .................................................
Set    200 .................................................
Set    250 .................................................
Set    300 .................................................
Set    350 .................................................
Set    400 .................................................
Set    450 .................................................
Set    500 .................................................
Set    550 .................................................
Set    600 .................................................
Set    650 .................................................
Set    700 .................................................
Set    750 .................................................
Set    800 .................................................
Set    850 .................................................
Set    900 .................................................
Set    950 .................................................
Set   1000 .................................................
Set   1050 .................................................
Set   1100 .................................................
Set   1150 .................................................
Set   1200 .................................................
Set   1250 .................................................
Set   1300 .................................................
Set   1350 .................................................
Set   1400 .................................................
Set   1450 .................................................
Set   1500 .................................................
Set   1550 .................................................
Set   1600 .................................................
Set   1650 .................................................
Set   1700 .................................................
Set   1750 .................................................
Set   1800 .................................................
Set   1850 .................................................
Set   1900 .................................................
Set   1950 .................................................
Set   2000 .................................................
Set   2050 .................................................
Set   2100 .................................................
Set   2150 .................................................
Set   2200 .................................................
Set   2250 .................................................
Set   2300 .................................................
Set   2350 .................................................
Set   2400 .................................................
Set   2450 .................................................
Set   2500 .................................................
Set   2550 .................................................
Set   2600 .................................................
Set   2650 .................................................
Set   2700 .................................................
Set   2750 .................................................
Set   2800 .................................................
Set   2850 .................................................
Set   2900 .................................................
Set   2950 .................................................
Set   3000 .................................................
Set   3050 .................................................
Set   3100 .................................................
Set   3150 .................................................
Set   3200 .................................................
Set   3250 .................................................
Set   3300 .................................................
Set   3350 .................................................
Set   3400 .................................................
Set   3450 .................................................
Set   3500 .................................................
Set   3550 .................................................
Set   3600 .................................................
Set   3650 .................................................
Set   3700 .................................................
Set   3750 .................................................
Set   3800 .................................................
Set   3850 .................................................
Set   3900 .................................................
Set   3950 .................................................
Set   4000 

PTRAJ: Successfully read in 4000 sets and processed 4000 sets.
       Dumping accumulated results (if any)

PTRAJ RMS: dumping RMSd vs time data
PTRAJ RMS: dumping RMSd vs time data
PTRAJ RMS: dumping RMSd vs time data
PTRAJ DISTANCE dumping distance hoge
PTRAJ DISTANCE dumping distance hogehoge
PTRAJ DISTANCE dumping distance hogehogehoge
